{"C:\\Users\\ignac\\OneDrive\\Pulpit\\RST-FULL\\gui\\src\\modules\\auth\\components\\LoginForm.tsx": {"path":"C:\\Users\\ignac\\OneDrive\\Pulpit\\RST-FULL\\gui\\src\\modules\\auth\\components\\LoginForm.tsx","statementMap":{"0":{"start":{"line":10,"column":10},"end":{"line":10,"column":29}},"1":{"start":{"line":11,"column":8},"end":{"line":11,"column":32}},"2":{"start":{"line":12,"column":8},"end":{"line":12,"column":32}},"3":{"start":{"line":13,"column":26},"end":{"line":13,"column":null}},"4":{"start":{"line":14,"column":16},"end":{"line":14,"column":40}},"5":{"start":{"line":15,"column":19},"end":{"line":15,"column":46}},"6":{"start":{"line":16,"column":16},"end":{"line":16,"column":40}},"7":{"start":{"line":17,"column":18},"end":{"line":17,"column":47}},"8":{"start":{"line":20,"column":4},"end":{"line":20,"column":null}},"9":{"start":{"line":21,"column":4},"end":{"line":21,"column":null}},"10":{"start":{"line":22,"column":4},"end":{"line":22,"column":null}},"11":{"start":{"line":23,"column":4},"end":{"line":29,"column":null}},"12":{"start":{"line":24,"column":6},"end":{"line":24,"column":null}},"13":{"start":{"line":25,"column":6},"end":{"line":25,"column":null}},"14":{"start":{"line":27,"column":6},"end":{"line":27,"column":null}},"15":{"start":{"line":29,"column":6},"end":{"line":29,"column":null}},"16":{"start":{"line":33,"column":2},"end":{"line":75,"column":null}},"17":{"start":{"line":45,"column":25},"end":{"line":45,"column":49}},"18":{"start":{"line":57,"column":25},"end":{"line":57,"column":52}}},"fnMap":{"0":{"name":"LoginForm","decl":{"start":{"line":9,"column":16},"end":{"line":9,"column":28}},"loc":{"start":{"line":9,"column":28},"end":{"line":75,"column":null}},"line":9},"1":{"name":"handleSubmit","decl":{"start":{"line":19,"column":17},"end":{"line":19,"column":30}},"loc":{"start":{"line":19,"column":44},"end":{"line":29,"column":null}},"line":19},"2":{"name":"(anonymous_2)","decl":{"start":{"line":45,"column":10},"end":{"line":45,"column":20}},"loc":{"start":{"line":45,"column":25},"end":{"line":45,"column":49}},"line":45},"3":{"name":"(anonymous_3)","decl":{"start":{"line":57,"column":10},"end":{"line":57,"column":20}},"loc":{"start":{"line":57,"column":25},"end":{"line":57,"column":52}},"line":57}},"branchMap":{"0":{"loc":{"start":{"line":27,"column":15},"end":{"line":27,"column":68}},"type":"cond-expr","locations":[{"start":{"line":27,"column":38},"end":{"line":27,"column":52}},{"start":{"line":27,"column":52},"end":{"line":27,"column":68}}],"line":27},"1":{"loc":{"start":{"line":35,"column":7},"end":{"line":35,"column":null}},"type":"binary-expr","locations":[{"start":{"line":35,"column":7},"end":{"line":35,"column":25}},{"start":{"line":35,"column":25},"end":{"line":35,"column":null}}],"line":35},"2":{"loc":{"start":{"line":36,"column":7},"end":{"line":36,"column":null}},"type":"binary-expr","locations":[{"start":{"line":36,"column":7},"end":{"line":36,"column":16}},{"start":{"line":36,"column":16},"end":{"line":36,"column":null}}],"line":36},"3":{"loc":{"start":{"line":68,"column":9},"end":{"line":68,"column":null}},"type":"cond-expr","locations":[{"start":{"line":68,"column":19},"end":{"line":68,"column":34}},{"start":{"line":68,"column":34},"end":{"line":68,"column":null}}],"line":68}},"s":{"0":105,"1":105,"2":105,"3":105,"4":105,"5":105,"6":105,"7":105,"8":5,"9":5,"10":5,"11":5,"12":5,"13":1,"14":3,"15":4,"16":105,"17":60,"18":29},"f":{"0":105,"1":5,"2":60,"3":29},"b":{"0":[2,1],"1":[105,0],"2":[105,3],"3":[5,100]},"meta":{"lastBranch":4,"lastFunction":4,"lastStatement":19,"seen":{"f:9:16:9:28":0,"s:10:10:10:29":0,"s:11:8:11:32":1,"s:12:8:12:32":2,"s:13:26:13:Infinity":3,"s:14:16:14:40":4,"s:15:19:15:46":5,"s:16:16:16:40":6,"s:17:18:17:47":7,"f:19:17:19:30":1,"s:20:4:20:Infinity":8,"s:21:4:21:Infinity":9,"s:22:4:22:Infinity":10,"s:23:4:29:Infinity":11,"s:24:6:24:Infinity":12,"s:25:6:25:Infinity":13,"s:27:6:27:Infinity":14,"b:27:38:27:52:27:52:27:68":0,"s:29:6:29:Infinity":15,"s:33:2:75:Infinity":16,"b:35:7:35:25:35:25:35:Infinity":1,"b:36:7:36:16:36:16:36:Infinity":2,"f:45:10:45:20":2,"s:45:25:45:49":17,"f:57:10:57:20":3,"s:57:25:57:52":18,"b:68:19:68:34:68:34:68:Infinity":3}}}
,"C:\\Users\\ignac\\OneDrive\\Pulpit\\RST-FULL\\gui\\src\\modules\\auth\\hooks\\useAuth.ts": {"path":"C:\\Users\\ignac\\OneDrive\\Pulpit\\RST-FULL\\gui\\src\\modules\\auth\\hooks\\useAuth.ts","statementMap":{"0":{"start":{"line":6,"column":17},"end":{"line":6,"column":53}},"1":{"start":{"line":7,"column":4},"end":{"line":7,"column":null}},"2":{"start":{"line":11,"column":4},"end":{"line":11,"column":null}},"3":{"start":{"line":12,"column":17},"end":{"line":12,"column":53}},"4":{"start":{"line":13,"column":4},"end":{"line":13,"column":null}},"5":{"start":{"line":17,"column":4},"end":{"line":17,"column":null}},"6":{"start":{"line":20,"column":2},"end":{"line":26,"column":null}}},"fnMap":{"0":{"name":"useAuth","decl":{"start":{"line":4,"column":16},"end":{"line":4,"column":26}},"loc":{"start":{"line":4,"column":26},"end":{"line":26,"column":null}},"line":4},"1":{"name":"login","decl":{"start":{"line":5,"column":17},"end":{"line":5,"column":23}},"loc":{"start":{"line":5,"column":56},"end":{"line":7,"column":null}},"line":5},"2":{"name":"register","decl":{"start":{"line":10,"column":17},"end":{"line":10,"column":26}},"loc":{"start":{"line":10,"column":59},"end":{"line":13,"column":null}},"line":10},"3":{"name":"logout","decl":{"start":{"line":16,"column":11},"end":{"line":16,"column":20}},"loc":{"start":{"line":16,"column":20},"end":{"line":17,"column":null}},"line":16}},"branchMap":{},"s":{"0":2,"1":1,"2":2,"3":1,"4":1,"5":1,"6":7},"f":{"0":7,"1":2,"2":2,"3":1},"b":{},"meta":{"lastBranch":0,"lastFunction":4,"lastStatement":7,"seen":{"f:4:16:4:26":0,"f:5:17:5:23":1,"s:6:17:6:53":0,"s:7:4:7:Infinity":1,"f:10:17:10:26":2,"s:11:4:11:Infinity":2,"s:12:17:12:53":3,"s:13:4:13:Infinity":4,"f:16:11:16:20":3,"s:17:4:17:Infinity":5,"s:20:2:26:Infinity":6}}}
,"C:\\Users\\ignac\\OneDrive\\Pulpit\\RST-FULL\\gui\\src\\modules\\guest\\components\\OrderBuilder.tsx": {"path":"C:\\Users\\ignac\\OneDrive\\Pulpit\\RST-FULL\\gui\\src\\modules\\guest\\components\\OrderBuilder.tsx","statementMap":{"0":{"start":{"line":21,"column":2},"end":{"line":21,"column":null}},"1":{"start":{"line":25,"column":20},"end":{"line":25,"column":60}},"2":{"start":{"line":26,"column":23},"end":{"line":26,"column":56}},"3":{"start":{"line":28,"column":15},"end":{"line":28,"column":51}},"4":{"start":{"line":29,"column":21},"end":{"line":29,"column":50}},"5":{"start":{"line":30,"column":21},"end":{"line":30,"column":53}},"6":{"start":{"line":31,"column":22},"end":{"line":31,"column":52}},"7":{"start":{"line":33,"column":2},"end":{"line":38,"column":null}},"8":{"start":{"line":34,"column":4},"end":{"line":37,"column":null}},"9":{"start":{"line":36,"column":19},"end":{"line":36,"column":35}},"10":{"start":{"line":37,"column":21},"end":{"line":37,"column":43}},"11":{"start":{"line":41,"column":4},"end":{"line":47,"column":null}},"12":{"start":{"line":42,"column":23},"end":{"line":42,"column":60}},"13":{"start":{"line":42,"column":38},"end":{"line":42,"column":60}},"14":{"start":{"line":43,"column":6},"end":{"line":44,"column":null}},"15":{"start":{"line":44,"column":8},"end":{"line":44,"column":null}},"16":{"start":{"line":44,"column":29},"end":{"line":44,"column":92}},"17":{"start":{"line":46,"column":6},"end":{"line":46,"column":null}},"18":{"start":{"line":51,"column":4},"end":{"line":55,"column":null}},"19":{"start":{"line":52,"column":6},"end":{"line":54,"column":36}},"20":{"start":{"line":53,"column":18},"end":{"line":53,"column":84}},"21":{"start":{"line":54,"column":21},"end":{"line":54,"column":36}},"22":{"start":{"line":59,"column":4},"end":{"line":59,"column":null}},"23":{"start":{"line":59,"column":20},"end":{"line":59,"column":58}},"24":{"start":{"line":59,"column":37},"end":{"line":59,"column":58}},"25":{"start":{"line":63,"column":4},"end":{"line":63,"column":null}},"26":{"start":{"line":63,"column":27},"end":{"line":63,"column":null}},"27":{"start":{"line":64,"column":4},"end":{"line":64,"column":null}},"28":{"start":{"line":65,"column":4},"end":{"line":65,"column":null}},"29":{"start":{"line":66,"column":4},"end":{"line":73,"column":null}},"30":{"start":{"line":67,"column":6},"end":{"line":70,"column":null}},"31":{"start":{"line":68,"column":42},"end":{"line":68,"column":73}},"32":{"start":{"line":72,"column":6},"end":{"line":72,"column":null}},"33":{"start":{"line":73,"column":6},"end":{"line":73,"column":null}},"34":{"start":{"line":77,"column":21},"end":{"line":77,"column":80}},"35":{"start":{"line":77,"column":45},"end":{"line":77,"column":78}},"36":{"start":{"line":79,"column":2},"end":{"line":79,"column":null}},"37":{"start":{"line":79,"column":20},"end":{"line":79,"column":null}},"38":{"start":{"line":81,"column":2},"end":{"line":86,"column":null}},"39":{"start":{"line":82,"column":4},"end":{"line":86,"column":null}},"40":{"start":{"line":91,"column":2},"end":{"line":176,"column":null}},"41":{"start":{"line":95,"column":25},"end":{"line":95,"column":62}},"42":{"start":{"line":95,"column":40},"end":{"line":95,"column":62}},"43":{"start":{"line":96,"column":10},"end":{"line":117,"column":null}},"44":{"start":{"line":99,"column":29},"end":{"line":99,"column":44}},"45":{"start":{"line":127,"column":14},"end":{"line":148,"column":null}},"46":{"start":{"line":134,"column":35},"end":{"line":134,"column":59}},"47":{"start":{"line":139,"column":35},"end":{"line":139,"column":58}},"48":{"start":{"line":144,"column":33},"end":{"line":144,"column":56}},"49":{"start":{"line":161,"column":27},"end":{"line":161,"column":null}}},"fnMap":{"0":{"name":"formatPrice","decl":{"start":{"line":20,"column":9},"end":{"line":20,"column":21}},"loc":{"start":{"line":20,"column":36},"end":{"line":21,"column":null}},"line":20},"1":{"name":"OrderBuilder","decl":{"start":{"line":24,"column":16},"end":{"line":24,"column":29}},"loc":{"start":{"line":24,"column":64},"end":{"line":176,"column":null}},"line":24},"2":{"name":"(anonymous_2)","decl":{"start":{"line":33,"column":2},"end":{"line":33,"column":18}},"loc":{"start":{"line":33,"column":18},"end":{"line":38,"column":6}},"line":33},"3":{"name":"(anonymous_3)","decl":{"start":{"line":36,"column":7},"end":{"line":36,"column":19}},"loc":{"start":{"line":36,"column":19},"end":{"line":36,"column":35}},"line":36},"4":{"name":"(anonymous_4)","decl":{"start":{"line":37,"column":7},"end":{"line":37,"column":21}},"loc":{"start":{"line":37,"column":21},"end":{"line":37,"column":43}},"line":37},"5":{"name":"addToCart","decl":{"start":{"line":40,"column":11},"end":{"line":40,"column":21}},"loc":{"start":{"line":40,"column":37},"end":{"line":47,"column":null}},"line":40},"6":{"name":"(anonymous_6)","decl":{"start":{"line":41,"column":4},"end":{"line":41,"column":12}},"loc":{"start":{"line":41,"column":20},"end":{"line":47,"column":null}},"line":41},"7":{"name":"(anonymous_7)","decl":{"start":{"line":42,"column":28},"end":{"line":42,"column":33}},"loc":{"start":{"line":42,"column":38},"end":{"line":42,"column":60}},"line":42},"8":{"name":"(anonymous_8)","decl":{"start":{"line":44,"column":20},"end":{"line":44,"column":24}},"loc":{"start":{"line":44,"column":29},"end":{"line":44,"column":92}},"line":44},"9":{"name":"setQuantity","decl":{"start":{"line":50,"column":11},"end":{"line":50,"column":23}},"loc":{"start":{"line":50,"column":54},"end":{"line":55,"column":null}},"line":50},"10":{"name":"(anonymous_10)","decl":{"start":{"line":51,"column":4},"end":{"line":51,"column":12}},"loc":{"start":{"line":52,"column":6},"end":{"line":54,"column":36}},"line":52},"11":{"name":"(anonymous_11)","decl":{"start":{"line":53,"column":9},"end":{"line":53,"column":13}},"loc":{"start":{"line":53,"column":18},"end":{"line":53,"column":84}},"line":53},"12":{"name":"(anonymous_12)","decl":{"start":{"line":54,"column":9},"end":{"line":54,"column":16}},"loc":{"start":{"line":54,"column":21},"end":{"line":54,"column":36}},"line":54},"13":{"name":"removeFromCart","decl":{"start":{"line":58,"column":11},"end":{"line":58,"column":26}},"loc":{"start":{"line":58,"column":42},"end":{"line":59,"column":null}},"line":58},"14":{"name":"(anonymous_14)","decl":{"start":{"line":59,"column":4},"end":{"line":59,"column":12}},"loc":{"start":{"line":59,"column":20},"end":{"line":59,"column":58}},"line":59},"15":{"name":"(anonymous_15)","decl":{"start":{"line":59,"column":25},"end":{"line":59,"column":32}},"loc":{"start":{"line":59,"column":37},"end":{"line":59,"column":58}},"line":59},"16":{"name":"handleSubmit","decl":{"start":{"line":62,"column":17},"end":{"line":62,"column":32}},"loc":{"start":{"line":62,"column":32},"end":{"line":73,"column":null}},"line":62},"17":{"name":"(anonymous_17)","decl":{"start":{"line":68,"column":13},"end":{"line":68,"column":18}},"loc":{"start":{"line":68,"column":42},"end":{"line":68,"column":73}},"line":68},"18":{"name":"(anonymous_18)","decl":{"start":{"line":77,"column":26},"end":{"line":77,"column":34}},"loc":{"start":{"line":77,"column":45},"end":{"line":77,"column":78}},"line":77},"19":{"name":"(anonymous_19)","decl":{"start":{"line":94,"column":19},"end":{"line":94,"column":23}},"loc":{"start":{"line":94,"column":31},"end":{"line":117,"column":null}},"line":94},"20":{"name":"(anonymous_20)","decl":{"start":{"line":95,"column":30},"end":{"line":95,"column":35}},"loc":{"start":{"line":95,"column":40},"end":{"line":95,"column":62}},"line":95},"21":{"name":"(anonymous_21)","decl":{"start":{"line":99,"column":14},"end":{"line":99,"column":29}},"loc":{"start":{"line":99,"column":29},"end":{"line":99,"column":44}},"line":99},"22":{"name":"(anonymous_22)","decl":{"start":{"line":126,"column":18},"end":{"line":126,"column":23}},"loc":{"start":{"line":127,"column":14},"end":{"line":148,"column":null}},"line":127},"23":{"name":"(anonymous_23)","decl":{"start":{"line":134,"column":20},"end":{"line":134,"column":35}},"loc":{"start":{"line":134,"column":35},"end":{"line":134,"column":59}},"line":134},"24":{"name":"(anonymous_24)","decl":{"start":{"line":139,"column":20},"end":{"line":139,"column":35}},"loc":{"start":{"line":139,"column":35},"end":{"line":139,"column":58}},"line":139},"25":{"name":"(anonymous_25)","decl":{"start":{"line":144,"column":18},"end":{"line":144,"column":33}},"loc":{"start":{"line":144,"column":33},"end":{"line":144,"column":56}},"line":144},"26":{"name":"(anonymous_26)","decl":{"start":{"line":161,"column":12},"end":{"line":161,"column":22}},"loc":{"start":{"line":161,"column":27},"end":{"line":161,"column":null}},"line":161}},"branchMap":{"0":{"loc":{"start":{"line":43,"column":6},"end":{"line":44,"column":null}},"type":"if","locations":[{"start":{"line":43,"column":6},"end":{"line":44,"column":null}},{"start":{},"end":{}}],"line":43},"1":{"loc":{"start":{"line":44,"column":29},"end":{"line":44,"column":92}},"type":"cond-expr","locations":[{"start":{"line":44,"column":53},"end":{"line":44,"column":90}},{"start":{"line":44,"column":90},"end":{"line":44,"column":92}}],"line":44},"2":{"loc":{"start":{"line":53,"column":18},"end":{"line":53,"column":84}},"type":"cond-expr","locations":[{"start":{"line":53,"column":41},"end":{"line":53,"column":82}},{"start":{"line":53,"column":82},"end":{"line":53,"column":84}}],"line":53},"3":{"loc":{"start":{"line":63,"column":4},"end":{"line":63,"column":null}},"type":"if","locations":[{"start":{"line":63,"column":4},"end":{"line":63,"column":null}},{"start":{},"end":{}}],"line":63},"4":{"loc":{"start":{"line":72,"column":21},"end":{"line":72,"column":86}},"type":"cond-expr","locations":[{"start":{"line":72,"column":44},"end":{"line":72,"column":58}},{"start":{"line":72,"column":58},"end":{"line":72,"column":86}}],"line":72},"5":{"loc":{"start":{"line":79,"column":2},"end":{"line":79,"column":null}},"type":"if","locations":[{"start":{"line":79,"column":2},"end":{"line":79,"column":null}},{"start":{},"end":{}}],"line":79},"6":{"loc":{"start":{"line":81,"column":2},"end":{"line":86,"column":null}},"type":"if","locations":[{"start":{"line":81,"column":2},"end":{"line":86,"column":null}},{"start":{},"end":{}}],"line":81},"7":{"loc":{"start":{"line":102,"column":17},"end":{"line":104,"column":null}},"type":"cond-expr","locations":[{"start":{"line":103,"column":20},"end":{"line":103,"column":null}},{"start":{"line":104,"column":20},"end":{"line":104,"column":null}}],"line":102},"8":{"loc":{"start":{"line":107,"column":15},"end":{"line":110,"column":null}},"type":"binary-expr","locations":[{"start":{"line":107,"column":15},"end":{"line":107,"column":null}},{"start":{"line":108,"column":16},"end":{"line":110,"column":null}}],"line":107},"9":{"loc":{"start":{"line":113,"column":15},"end":{"line":114,"column":null}},"type":"binary-expr","locations":[{"start":{"line":113,"column":15},"end":{"line":113,"column":null}},{"start":{"line":114,"column":16},"end":{"line":114,"column":null}}],"line":113},"10":{"loc":{"start":{"line":122,"column":7},"end":{"line":176,"column":null}},"type":"binary-expr","locations":[{"start":{"line":122,"column":7},"end":{"line":122,"column":null}},{"start":{"line":123,"column":8},"end":{"line":176,"column":null}}],"line":122},"11":{"loc":{"start":{"line":164,"column":11},"end":{"line":164,"column":null}},"type":"binary-expr","locations":[{"start":{"line":164,"column":11},"end":{"line":164,"column":26}},{"start":{"line":164,"column":26},"end":{"line":164,"column":null}}],"line":164},"12":{"loc":{"start":{"line":172,"column":13},"end":{"line":174,"column":null}},"type":"cond-expr","locations":[{"start":{"line":173,"column":16},"end":{"line":173,"column":null}},{"start":{"line":174,"column":16},"end":{"line":174,"column":null}}],"line":172},"13":{"loc":{"start":{"line":174,"column":41},"end":{"line":174,"column":113}},"type":"cond-expr","locations":[{"start":{"line":174,"column":61},"end":{"line":174,"column":73}},{"start":{"line":174,"column":73},"end":{"line":174,"column":113}}],"line":174},"14":{"loc":{"start":{"line":174,"column":73},"end":{"line":174,"column":113}},"type":"cond-expr","locations":[{"start":{"line":174,"column":91},"end":{"line":174,"column":103}},{"start":{"line":174,"column":103},"end":{"line":174,"column":113}}],"line":174}},"s":{"0":138,"1":58,"2":58,"3":58,"4":58,"5":58,"6":58,"7":58,"8":13,"9":0,"10":12,"11":10,"12":10,"13":2,"14":10,"15":1,"16":1,"17":9,"18":1,"19":1,"20":1,"21":1,"22":1,"23":1,"24":1,"25":2,"26":0,"27":2,"28":2,"29":2,"30":2,"31":2,"32":1,"33":1,"34":58,"35":24,"36":58,"37":21,"38":37,"39":2,"40":35,"41":70,"42":47,"43":70,"44":10,"45":24,"46":1,"47":0,"48":1,"49":10},"f":{"0":138,"1":58,"2":13,"3":0,"4":12,"5":10,"6":10,"7":2,"8":1,"9":1,"10":1,"11":1,"12":1,"13":1,"14":1,"15":1,"16":2,"17":2,"18":24,"19":70,"20":47,"21":10,"22":24,"23":1,"24":0,"25":1,"26":10},"b":{"0":[1,9],"1":[1,0],"2":[1,0],"3":[0,2],"4":[1,0],"5":[21,37],"6":[2,35],"7":[24,46],"8":[70,24],"9":[70,35],"10":[35,23],"11":[23,1],"12":[2,21],"13":[20,1],"14":[1,0]},"meta":{"lastBranch":15,"lastFunction":27,"lastStatement":50,"seen":{"f:20:9:20:21":0,"s:21:2:21:Infinity":0,"f:24:16:24:29":1,"s:25:20:25:60":1,"s:26:23:26:56":2,"s:28:15:28:51":3,"s:29:21:29:50":4,"s:30:21:30:53":5,"s:31:22:31:52":6,"s:33:2:38:Infinity":7,"f:33:2:33:18":2,"s:34:4:37:Infinity":8,"f:36:7:36:19":3,"s:36:19:36:35":9,"f:37:7:37:21":4,"s:37:21:37:43":10,"f:40:11:40:21":5,"s:41:4:47:Infinity":11,"f:41:4:41:12":6,"s:42:23:42:60":12,"f:42:28:42:33":7,"s:42:38:42:60":13,"b:43:6:44:Infinity:undefined:undefined:undefined:undefined":0,"s:43:6:44:Infinity":14,"s:44:8:44:Infinity":15,"f:44:20:44:24":8,"s:44:29:44:92":16,"b:44:53:44:90:44:90:44:92":1,"s:46:6:46:Infinity":17,"f:50:11:50:23":9,"s:51:4:55:Infinity":18,"f:51:4:51:12":10,"s:52:6:54:36":19,"f:53:9:53:13":11,"s:53:18:53:84":20,"b:53:41:53:82:53:82:53:84":2,"f:54:9:54:16":12,"s:54:21:54:36":21,"f:58:11:58:26":13,"s:59:4:59:Infinity":22,"f:59:4:59:12":14,"s:59:20:59:58":23,"f:59:25:59:32":15,"s:59:37:59:58":24,"f:62:17:62:32":16,"b:63:4:63:Infinity:undefined:undefined:undefined:undefined":3,"s:63:4:63:Infinity":25,"s:63:27:63:Infinity":26,"s:64:4:64:Infinity":27,"s:65:4:65:Infinity":28,"s:66:4:73:Infinity":29,"s:67:6:70:Infinity":30,"f:68:13:68:18":17,"s:68:42:68:73":31,"s:72:6:72:Infinity":32,"b:72:44:72:58:72:58:72:86":4,"s:73:6:73:Infinity":33,"s:77:21:77:80":34,"f:77:26:77:34":18,"s:77:45:77:78":35,"b:79:2:79:Infinity:undefined:undefined:undefined:undefined":5,"s:79:2:79:Infinity":36,"s:79:20:79:Infinity":37,"b:81:2:86:Infinity:undefined:undefined:undefined:undefined":6,"s:81:2:86:Infinity":38,"s:82:4:86:Infinity":39,"s:91:2:176:Infinity":40,"f:94:19:94:23":19,"s:95:25:95:62":41,"f:95:30:95:35":20,"s:95:40:95:62":42,"s:96:10:117:Infinity":43,"f:99:14:99:29":21,"s:99:29:99:44":44,"b:103:20:103:Infinity:104:20:104:Infinity":7,"b:107:15:107:Infinity:108:16:110:Infinity":8,"b:113:15:113:Infinity:114:16:114:Infinity":9,"b:122:7:122:Infinity:123:8:176:Infinity":10,"f:126:18:126:23":22,"s:127:14:148:Infinity":45,"f:134:20:134:35":23,"s:134:35:134:59":46,"f:139:20:139:35":24,"s:139:35:139:58":47,"f:144:18:144:33":25,"s:144:33:144:56":48,"f:161:12:161:22":26,"s:161:27:161:Infinity":49,"b:164:11:164:26:164:26:164:Infinity":11,"b:173:16:173:Infinity:174:16:174:Infinity":12,"b:174:61:174:73:174:73:174:113":13,"b:174:91:174:103:174:103:174:113":14}}}
,"C:\\Users\\ignac\\OneDrive\\Pulpit\\RST-FULL\\gui\\src\\shared\\components\\Alert.tsx": {"path":"C:\\Users\\ignac\\OneDrive\\Pulpit\\RST-FULL\\gui\\src\\shared\\components\\Alert.tsx","statementMap":{"0":{"start":{"line":12,"column":47},"end":{"line":22,"column":null}},"1":{"start":{"line":25,"column":2},"end":{"line":28,"column":null}}},"fnMap":{"0":{"name":"Alert","decl":{"start":{"line":24,"column":16},"end":{"line":24,"column":22}},"loc":{"start":{"line":24,"column":78},"end":{"line":28,"column":null}},"line":24}},"branchMap":{"0":{"loc":{"start":{"line":24,"column":24},"end":{"line":24,"column":43}},"type":"default-arg","locations":[{"start":{"line":24,"column":34},"end":{"line":24,"column":43}}],"line":24}},"s":{"0":2,"1":4},"f":{"0":4},"b":{"0":[4]},"meta":{"lastBranch":1,"lastFunction":1,"lastStatement":2,"seen":{"s:12:47:22:Infinity":0,"f:24:16:24:22":0,"b:24:34:24:43":0,"s:25:2:28:Infinity":1}}}
,"C:\\Users\\ignac\\OneDrive\\Pulpit\\RST-FULL\\gui\\src\\shared\\components\\Button.tsx": {"path":"C:\\Users\\ignac\\OneDrive\\Pulpit\\RST-FULL\\gui\\src\\shared\\components\\Button.tsx","statementMap":{"0":{"start":{"line":16,"column":2},"end":{"line":17,"column":null}},"1":{"start":{"line":19,"column":42},"end":{"line":29,"column":null}},"2":{"start":{"line":31,"column":36},"end":{"line":35,"column":null}},"3":{"start":{"line":47,"column":2},"end":{"line":54,"column":null}}},"fnMap":{"0":{"name":"Button","decl":{"start":{"line":37,"column":16},"end":{"line":37,"column":23}},"loc":{"start":{"line":46,"column":16},"end":{"line":54,"column":null}},"line":46}},"branchMap":{"0":{"loc":{"start":{"line":38,"column":2},"end":{"line":38,"column":null}},"type":"default-arg","locations":[{"start":{"line":38,"column":12},"end":{"line":38,"column":null}}],"line":38},"1":{"loc":{"start":{"line":39,"column":2},"end":{"line":39,"column":null}},"type":"default-arg","locations":[{"start":{"line":39,"column":9},"end":{"line":39,"column":null}}],"line":39},"2":{"loc":{"start":{"line":40,"column":2},"end":{"line":40,"column":null}},"type":"default-arg","locations":[{"start":{"line":40,"column":12},"end":{"line":40,"column":null}}],"line":40},"3":{"loc":{"start":{"line":41,"column":2},"end":{"line":41,"column":null}},"type":"default-arg","locations":[{"start":{"line":41,"column":14},"end":{"line":41,"column":null}}],"line":41},"4":{"loc":{"start":{"line":49,"column":16},"end":{"line":49,"column":null}},"type":"binary-expr","locations":[{"start":{"line":49,"column":16},"end":{"line":49,"column":28}},{"start":{"line":49,"column":28},"end":{"line":49,"column":null}}],"line":49},"5":{"loc":{"start":{"line":50,"column":58},"end":{"line":50,"column":81}},"type":"binary-expr","locations":[{"start":{"line":50,"column":58},"end":{"line":50,"column":71}},{"start":{"line":50,"column":71},"end":{"line":50,"column":81}}],"line":50}},"s":{"0":2,"1":2,"2":2,"3":128},"f":{"0":128},"b":{"0":[128],"1":[128],"2":[128],"3":[128],"4":[128,128],"5":[128,128]},"meta":{"lastBranch":6,"lastFunction":1,"lastStatement":4,"seen":{"s:16:2:17:Infinity":0,"s:19:42:29:Infinity":1,"s:31:36:35:Infinity":2,"f:37:16:37:23":0,"b:38:12:38:Infinity":0,"b:39:9:39:Infinity":1,"b:40:12:40:Infinity":2,"b:41:14:41:Infinity":3,"s:47:2:54:Infinity":3,"b:49:16:49:28:49:28:49:Infinity":4,"b:50:58:50:71:50:71:50:81":5}}}
,"C:\\Users\\ignac\\OneDrive\\Pulpit\\RST-FULL\\gui\\src\\shared\\components\\FormField.tsx": {"path":"C:\\Users\\ignac\\OneDrive\\Pulpit\\RST-FULL\\gui\\src\\shared\\components\\FormField.tsx","statementMap":{"0":{"start":{"line":11,"column":2},"end":{"line":21,"column":null}}},"fnMap":{"0":{"name":"FormField","decl":{"start":{"line":10,"column":16},"end":{"line":10,"column":26}},"loc":{"start":{"line":10,"column":79},"end":{"line":21,"column":null}},"line":10}},"branchMap":{"0":{"loc":{"start":{"line":20,"column":7},"end":{"line":20,"column":null}},"type":"binary-expr","locations":[{"start":{"line":20,"column":7},"end":{"line":20,"column":16}},{"start":{"line":20,"column":16},"end":{"line":20,"column":null}}],"line":20}},"s":{"0":210},"f":{"0":210},"b":{"0":[210,0]},"meta":{"lastBranch":1,"lastFunction":1,"lastStatement":1,"seen":{"f:10:16:10:26":0,"s:11:2:21:Infinity":0,"b:20:7:20:16:20:16:20:Infinity":0}}}
,"C:\\Users\\ignac\\OneDrive\\Pulpit\\RST-FULL\\gui\\src\\shared\\components\\Input.tsx": {"path":"C:\\Users\\ignac\\OneDrive\\Pulpit\\RST-FULL\\gui\\src\\shared\\components\\Input.tsx","statementMap":{"0":{"start":{"line":4,"column":13},"end":{"line":19,"column":null}},"1":{"start":{"line":6,"column":4},"end":{"line":19,"column":null}},"2":{"start":{"line":21,"column":0},"end":{"line":21,"column":null}}},"fnMap":{"0":{"name":"(anonymous_0)","decl":{"start":{"line":4,"column":21},"end":{"line":4,"column":null}},"loc":{"start":{"line":6,"column":4},"end":{"line":19,"column":null}},"line":6}},"branchMap":{},"s":{"0":2,"1":233,"2":2},"f":{"0":233},"b":{},"meta":{"lastBranch":0,"lastFunction":1,"lastStatement":3,"seen":{"s:4:13:19:Infinity":0,"f:4:21:4:Infinity":0,"s:6:4:19:Infinity":1,"s:21:0:21:Infinity":2}}}
,"C:\\Users\\ignac\\OneDrive\\Pulpit\\RST-FULL\\gui\\src\\shared\\utils\\cn.ts": {"path":"C:\\Users\\ignac\\OneDrive\\Pulpit\\RST-FULL\\gui\\src\\shared\\utils\\cn.ts","statementMap":{"0":{"start":{"line":5,"column":2},"end":{"line":5,"column":null}}},"fnMap":{"0":{"name":"cn","decl":{"start":{"line":4,"column":16},"end":{"line":4,"column":19}},"loc":{"start":{"line":4,"column":44},"end":{"line":5,"column":null}},"line":4}},"branchMap":{},"s":{"0":374},"f":{"0":374},"b":{},"meta":{"lastBranch":0,"lastFunction":1,"lastStatement":1,"seen":{"f:4:16:4:19":0,"s:5:2:5:Infinity":0}}}
}
